16/05/16 - STARTING ProductFinder Nightshift!
There are 1184 names to find out of 1184 products.
Started searching for names at: 17:23, will go on until 17:24
16/05/16 - STARTING ProductFinder Nightshift!
There are 1184 names to find out of 1184 products.
Started searching for names at: 17:28, will go on until 17:28
Well it's been a wonderful time, I've found 1 names and 6 inactive products, but there are still 1177 products without name...
----    ----    ----    ----    ----    ----    ----    ----
16/05/16 - STARTING ProductFinder Nightshift!
There are 1177 names to find out of 1184 products.
Started searching for names at: 17:30, will go on until 17:30
Well it's been a wonderful time, I've found 3 names and 1 inactive products, but there are still 1173 products without name...
----    ----    ----    ----    ----    ----    ----    ----
16/05/16 - STARTING ProductFinder Nightshift!
There are 1173 names to find out of 1184 products.
Started searching for names at: 17:30, will go on until 17:30
Well it's been a wonderful time, I've found 2 names and 5 inactive products, but there are still 1166 products without name...
----    ----    ----    ----    ----    ----    ----    ----
16/05/16 - Somebody clicked on product 86818 @ 17:35
Turns out that the name of this product was -Tubo 4 palline tennis us open- all along! Who knew!
----    ----    ----    ----    ----    ----    ----    ----
16/05/16 - STARTING ProductFinder Nightshift!
There are 1166 names to find out of 1184 products.
Started searching for names at: 17:35, will go on until 17:35
Well it's been a wonderful time, I've found 2 names and 2 inactive products, but there are still 1162 products without name...
----    ----    ----    ----    ----    ----    ----    ----
16/05/16 - Somebody clicked on product 1478485 @ 17:36
Turns out that the name of this product was -Forchetta antigraffio blu- all along! Who knew!
----    ----    ----    ----    ----    ----    ----    ----
16/05/16 - Somebody clicked on product 1478485 @ 17:36
Turns out that the name of this product was -Forchetta antigraffio blu- all along! Who knew!
----    ----    ----    ----    ----    ----    ----    ----
16/05/16 - Somebody clicked on product 1478485 @ 17:36
Turns out that the name of this product was -Forchetta antigraffio blu- all along! Who knew!
----    ----    ----    ----    ----    ----    ----    ----
16/05/16 - STARTING ProductFinder Nightshift!
There are 1162 names to find out of 1184 products.
Started searching for names at: 17:37, will go on until 17:37
Well it's been a wonderful time, I've found 1 names and 6 inactive products, but there are still 1155 products without name...
----    ----    ----    ----    ----    ----    ----    ----
16/05/16 - Somebody clicked on product 696659 @ 17:38
Turns out that the name of this product was -Occhialini nuoto junior xbase gigi- all along! Who knew!
----    ----    ----    ----    ----    ----    ----    ----
16/05/16 - STARTING ProductFinder Nightshift!
There are 1155 names to find out of 1184 products.
Started searching for names at: 17:42, will go on until 17:42
Well it's been a wonderful time, I've found 2 names and 2 inactive products, but there are still 1151 products without name...
----    ----    ----    ----    ----    ----    ----    ----
16/05/16 - STARTING ProductFinder Nightshift!
There are 1151 names to find out of 1184 products.
Started searching for names at: 17:43, will go on until 17:43
Well it's been a wonderful time, I've found 3 names and 0 inactive products, but there are still 1148 products without name...
----    ----    ----    ----    ----    ----    ----    ----
16/05/16 - STARTING ProductFinder Nightshift!
There are 1184 names to find out of 1184 products.
Started searching for names at: 17:47, will go on until 17:47
Well it's been a wonderful time, I've found 3 names and 2 inactive products, but there are still 1179 products without name...
----    ----    ----    ----    ----    ----    ----    ----
